app/build/intermediates/manifest_merge_blame_file/debug/manifest-merger-blame-debug-report.txt
1<?xml version="1.0" encoding="utf-8"?>
2<manifest xmlns:android="http://schemas.android.com/apk/res/android"
3    package="com.sleepingpandaaa.bankingsystem"
4    android:versionCode="1"
5    android:versionName="1.0" >
6
7    <uses-sdk
8        android:minSdkVersion="21"
8-->src/main/AndroidManifest.xml
9        android:targetSdkVersion="30" />
9-->src/main/AndroidManifest.xml
10
11    <application
11-->src/main/AndroidManifest.xml:5:5-44:19
12        android:allowBackup="true"
12-->src/main/AndroidManifest.xml:6:9-35
13        android:appComponentFactory="androidx.core.app.CoreComponentFactory"
13-->[androidx.core:core:1.3.1] AndroidManifest.xml:24:18-86
14        android:debuggable="true"
15        android:label="@string/app_name"
15-->src/main/AndroidManifest.xml:7:9-41
16        android:supportsRtl="true"
16-->src/main/AndroidManifest.xml:8:9-35
17        android:testOnly="true"
18        android:theme="@style/AppTheme_white" >
18-->src/main/AndroidManifest.xml:9:9-46
19        <activity
19-->src/main/AndroidManifest.xml:11:9-19:20
20            android:name="com.sleepingpandaaa.bankingsystem.MainActivity"
20-->src/main/AndroidManifest.xml:11:19-47
21            android:screenOrientation="portrait"
21-->src/main/AndroidManifest.xml:12:13-49
22            android:theme="@style/AppTheme.NoActionBar" >
22-->src/main/AndroidManifest.xml:13:13-56
23            <intent-filter>
23-->src/main/AndroidManifest.xml:14:13-18:29
24                <action android:name="android.intent.action.MAIN" />
24-->src/main/AndroidManifest.xml:15:17-69
24-->src/main/AndroidManifest.xml:15:25-66
25
26                <category android:name="android.intent.category.LAUNCHER" />
26-->src/main/AndroidManifest.xml:17:17-77
26-->src/main/AndroidManifest.xml:17:27-74
27            </intent-filter>
28        </activity>
29        <activity
29-->src/main/AndroidManifest.xml:21:9-25:20
30            android:name="com.sleepingpandaaa.bankingsystem.Userlist"
30-->src/main/AndroidManifest.xml:21:19-43
31            android:label="Sparks Banking System"
31-->src/main/AndroidManifest.xml:23:13-50
32            android:screenOrientation="portrait"
32-->src/main/AndroidManifest.xml:22:13-49
33            android:theme="@style/AppTheme" >
33-->src/main/AndroidManifest.xml:24:13-44
34        </activity>
35        <activity
35-->src/main/AndroidManifest.xml:27:9-31:46
36            android:name="com.sleepingpandaaa.bankingsystem.Userdata"
36-->src/main/AndroidManifest.xml:27:19-43
37            android:label="User Info"
37-->src/main/AndroidManifest.xml:30:13-38
38            android:parentActivityName="com.sleepingpandaaa.bankingsystem.Userlist"
38-->src/main/AndroidManifest.xml:28:13-51
39            android:screenOrientation="portrait"
39-->src/main/AndroidManifest.xml:29:13-49
40            android:theme="@style/AppTheme" />
40-->src/main/AndroidManifest.xml:31:13-44
41        <activity
41-->src/main/AndroidManifest.xml:33:9-36:46
42            android:name="com.sleepingpandaaa.bankingsystem.SendToUser"
42-->src/main/AndroidManifest.xml:33:19-45
43            android:label="Transfer Money"
43-->src/main/AndroidManifest.xml:35:13-43
44            android:screenOrientation="portrait"
44-->src/main/AndroidManifest.xml:34:13-49
45            android:theme="@style/AppTheme" />
45-->src/main/AndroidManifest.xml:36:13-44
46        <activity
46-->src/main/AndroidManifest.xml:38:9-42:46
47            android:name="com.sleepingpandaaa.bankingsystem.HistoryList"
47-->src/main/AndroidManifest.xml:38:19-46
48            android:label="Transactions"
48-->src/main/AndroidManifest.xml:41:13-41
49            android:parentActivityName="com.sleepingpandaaa.bankingsystem.Userlist"
49-->src/main/AndroidManifest.xml:39:13-51
50            android:screenOrientation="portrait"
50-->src/main/AndroidManifest.xml:40:13-49
51            android:theme="@style/AppTheme" />
51-->src/main/AndroidManifest.xml:42:13-44
52    </application>
53
54</manifest>